<?xml version="1.0" encoding="UTF-8"?>
<!-- Generated by org.testng.reporters.JUnitReportReporter -->
<testsuite hostname="5CD138MBGZ" failures="0" tests="2" name="trytry.Test" time="7.630" errors="0" timestamp="2022-06-13T14:39:50 IST" skipped="0">
  <testcase classname="trytry.Test" name="Login1" time="4.747"/>
  <system-out/>
  <testcase classname="trytry.Test" name="Login1" time="2.883"/>
  <system-out/>
</testsuite> <!-- trytry.Test -->
